<?xml version="1.0" encoding="UTF-8"?>
<!-- Generated by org.testng.reporters.JUnitReportReporter -->
<testsuite hostname="DESKTOP-1C8Q75N" failures="0" tests="1" name="test.LoginTest" time="17.774" errors="0" timestamp="2022-06-30T19:09:44 EDT" skipped="0">
  <testcase classname="test.LoginTest" name="validUserShouldBeAbleToLogin" time="17.774"/>
  <system-out/>
</testsuite> <!-- test.LoginTest -->
